<?xml version="1.0" encoding="UTF-8"?>
<!-- Generated by org.testng.reporters.JUnitXMLReporter -->
<testsuite ignored="1" hostname="DESKTOP-SEKDPB4" failures="0" tests="1" name="Default test" time="0.076" errors="0" timestamp="2022-09-27T19:16:02 IST">
  <testcase classname="test.TestNGClas" name="@BeforeTest launchBrowser" time="-1.664286362332E9">
    <failure type="org.testng.TestNGException" message="
Parameter &amp;apos;browser&amp;apos; is required by BeforeTest on method launchBrowser but has not been marked @Optional or defined
in C:\Users\akash\AppData\Local\Temp\testng-eclipse--1721769105\testng-customsuite.xml">
      <![CDATA[org.testng.TestNGException: 
Parameter 'browser' is required by BeforeTest on method launchBrowser but has not been marked @Optional or defined
in C:\Users\akash\AppData\Local\Temp\testng-eclipse--1721769105\testng-customsuite.xml
at org.testng.internal.Parameters.createParams(Parameters.java:270)
at org.testng.internal.Parameters.createParametersForMethod(Parameters.java:358)
at org.testng.internal.Parameters.createParameters(Parameters.java:700)
at org.testng.internal.Parameters.createConfigurationParameters(Parameters.java:168)
at org.testng.internal.ConfigInvoker.invokeConfigurations(ConfigInvoker.java:302)
at org.testng.TestRunner.invokeTestConfigurations(TestRunner.java:637)
at org.testng.TestRunner.beforeRun(TestRunner.java:627)
at org.testng.TestRunner.run(TestRunner.java:589)
at org.testng.SuiteRunner.runTest(SuiteRunner.java:377)
at org.testng.SuiteRunner.runSequentially(SuiteRunner.java:371)
at org.testng.SuiteRunner.privateRun(SuiteRunner.java:332)
at org.testng.SuiteRunner.run(SuiteRunner.java:276)
at org.testng.SuiteRunnerWorker.runSuite(SuiteRunnerWorker.java:53)
at org.testng.SuiteRunnerWorker.run(SuiteRunnerWorker.java:96)
at org.testng.TestNG.runSuitesSequentially(TestNG.java:1212)
at org.testng.TestNG.runSuitesLocally(TestNG.java:1134)
at org.testng.TestNG.runSuites(TestNG.java:1063)
at org.testng.TestNG.run(TestNG.java:1031)
at org.testng.remote.AbstractRemoteTestNG.run(AbstractRemoteTestNG.java:115)
at org.testng.remote.RemoteTestNG.initAndRun(RemoteTestNG.java:251)
at org.testng.remote.RemoteTestNG.main(RemoteTestNG.java:77)
]]>
    </failure>
  </testcase> <!-- @BeforeTest launchBrowser -->
  <testcase classname="test.TestNGClas" name="@BeforeClass createPOMObjects" time="-1.664286362366E9">
    <skipped/>
  </testcase> <!-- @BeforeClass createPOMObjects -->
  <testcase classname="test.TestNGClas" name="@BeforeMethod goToRoomsPage" time="-1.664286362383E9">
    <skipped/>
  </testcase> <!-- @BeforeMethod goToRoomsPage -->
  <testcase classname="test.TestNGClas" name="@AfterMethod afterMethod" time="-1.664286362393E9">
    <skipped/>
  </testcase> <!-- @AfterMethod afterMethod -->
  <testcase classname="test.TestNGClas" name="@AfterClass removeObjects" time="-1.664286362396E9">
    <skipped/>
  </testcase> <!-- @AfterClass removeObjects -->
  <testcase classname="test.TestNGClas" name="@AfterTest closBrowser" time="-1.6642863624E9">
    <skipped/>
  </testcase> <!-- @AfterTest closBrowser -->
  <testcase classname="test.TestNGClas" name="verifyContactTOHelpCenterButton" time="0.0">
    <skipped/>
  </testcase> <!-- verifyContactTOHelpCenterButton -->
  <testcase classname="test.TestNGClas" name="verifyGo" time="0.0">
    <ignored/>
  </testcase> <!-- verifyGo -->
</testsuite> <!-- Default test -->
